<?xml version="1.0" encoding="UTF-8"?>
<!-- Generated by org.testng.reporters.JUnitReportReporter -->
<testsuite hostname="DESKTOP-QR4BNH8" failures="0" tests="2" name="test.com.GradeTest" time="0.004" errors="0" timestamp="3 Sep 2023 03:03:48 GMT">
  <testcase classname="test.com.GradeTest" name="testGradeFail" time="0.001"/>
  <testcase classname="test.com.GradeTest" name="testGrade" time="0.003"/>
</testsuite> <!-- test.com.GradeTest -->
